{"level":"error","message":" ❌ DB OFF Error: querySrv ENOTFOUND _mongodb._tcp.cluster0.ckqspop.mongodb.net","timestamp":"2023-09-24T03:03:09.894Z"}
{"level":"error","message":" ❌ DB OFF Error: querySrv ENOTFOUND _mongodb._tcp.cluster0.ckqspop.mongodb.net","timestamp":"2023-09-24T03:03:19.370Z"}
{"level":"error","message":"error in getApiProducto controllerTypeError: Cannot read properties of undefined (reading 'toUpperCase')","timestamp":"2023-09-24T04:46:40.607Z"}
{"level":"error","message":"error in postcreateAcount controllerReferenceError: getLogIn is not defined","timestamp":"2023-09-24T06:55:26.262Z"}
{"level":"error","message":"error in postcreateAcount controllerReferenceError: getLogIn is not defined","timestamp":"2023-09-24T06:56:52.990Z"}
{"level":"error","message":"error in postcreateAcount controllerReferenceError: getLogIn is not defined","timestamp":"2023-09-24T06:58:56.300Z"}
{"level":"error","message":"error in postcreateAcount controllerReferenceError: getLogIn is not defined","timestamp":"2023-09-24T07:00:34.265Z"}
{"level":"error","message":"error in postcreateAcount controllerReferenceError: getLogIn is not defined","timestamp":"2023-09-24T07:01:50.267Z"}
{"level":"error","message":"error in postcreateAcount controllerReferenceError: getLogIn is not defined","timestamp":"2023-09-24T07:08:51.095Z"}
{"level":"error","message":"error in postcreateAcount controllerReferenceError: getLogIn is not defined","timestamp":"2023-09-24T07:11:29.662Z"}
{"level":"error","message":"error in postcreateAcount controllerReferenceError: getLogIn is not defined","timestamp":"2023-09-24T07:12:11.049Z"}
{"level":"error","message":"Error en orders Negocio Order UserReferenceError: logger is not defined","timestamp":"2023-09-26T01:48:47.662Z"}
{"level":"error","message":"errInTroleyFBTransFormUserCastError: Cast to ObjectId failed for value \"yU2edbFWe3vgqe7U6n7j\" (type string) at path \"_id\" for model \"Usuarios\"","timestamp":"2023-09-26T02:09:58.054Z"}
{"level":"error","message":"Error en orders Negocio Order UserTypeError: Cannot read properties of undefined (reading 'email')","timestamp":"2023-09-26T02:09:58.250Z"}
{"level":"error","message":"error in getCreateAcount controllerTypeError: Cannot read properties of undefined (reading 'render')","timestamp":"2023-09-27T00:08:51.813Z"}
{"level":"error","message":"error in getCreateAcount controllerTypeError: Cannot read properties of undefined (reading 'render')","timestamp":"2023-09-27T00:08:55.454Z"}
{"level":"error","message":"error in getCreateAcount controllerTypeError: Cannot read properties of undefined (reading 'render')","timestamp":"2023-09-27T00:08:56.255Z"}
{"level":"error","message":"error in getCreateAcount controllerTypeError: Cannot read properties of undefined (reading 'render')","timestamp":"2023-09-27T00:08:56.480Z"}
{"level":"error","message":"error in getCreateAcount controllerTypeError: Cannot read properties of undefined (reading 'render')","timestamp":"2023-09-27T00:09:13.081Z"}
{"level":"error","message":"error in getCreateAcount controllerTypeError: Cannot read properties of undefined (reading 'render')","timestamp":"2023-09-27T00:09:27.781Z"}
{"level":"error","message":"error in getCreateAcount controllerTypeError: Cannot read properties of undefined (reading 'render')","timestamp":"2023-09-27T00:09:34.726Z"}
{"level":"error","message":"error in getCreateAcount controllerTypeError: Cannot read properties of undefined (reading 'render')","timestamp":"2023-09-27T00:09:52.542Z"}
{"level":"error","message":"TypeError: Cannot read properties of undefined (reading 'email')","timestamp":"2023-09-27T00:28:25.807Z"}
{"level":"error","message":"Error: Unexpected input given to normalize. Expected type to be \"object\", found \"undefined\".","timestamp":"2023-09-27T00:28:25.810Z"}
{"level":"error","message":"TypeError: Cannot read properties of undefined (reading 'email')","timestamp":"2023-09-27T00:28:28.571Z"}
{"level":"error","message":"Error: Unexpected input given to normalize. Expected type to be \"object\", found \"undefined\".","timestamp":"2023-09-27T00:28:28.572Z"}
{"level":"error","message":"TypeError: Cannot read properties of undefined (reading 'email')","timestamp":"2023-09-27T00:28:31.354Z"}
{"level":"error","message":"Error: Unexpected input given to normalize. Expected type to be \"object\", found \"undefined\".","timestamp":"2023-09-27T00:28:31.355Z"}
{"level":"error","message":"TypeError: Cannot read properties of undefined (reading 'email')","timestamp":"2023-09-27T00:31:03.580Z"}
{"level":"error","message":"errInMemoriPersistenciaTypeError: usersMem.find is not a function","timestamp":"2023-09-27T00:33:58.280Z"}
{"level":"error","message":"ErrorEnInfoUserNegocioTypeError: dataCarrito is not iterable","timestamp":"2023-09-27T00:33:58.281Z"}
{"level":"error","message":"ErrorEnAddToCartNegocioTypeError: Cannot read properties of undefined (reading 'idTrolley')","timestamp":"2023-09-27T00:33:58.282Z"}
{"level":"error","message":"errInMemoriPersistenciaTypeError: usersMem.find is not a function","timestamp":"2023-09-27T00:42:31.957Z"}
{"level":"error","message":"ErrorEnInfoUserNegocioTypeError: dataCarrito is not iterable","timestamp":"2023-09-27T00:42:31.958Z"}
{"level":"error","message":"ErrorEnAddToCartNegocioTypeError: Cannot read properties of undefined (reading 'idTrolley')","timestamp":"2023-09-27T00:42:31.959Z"}
{"level":"error","message":"errInMemoriPersistenciaTypeError: usersMem.find is not a function","timestamp":"2023-09-27T00:43:14.900Z"}
{"level":"error","message":"ErrorEnInfoUserNegocioTypeError: dataCarrito is not iterable","timestamp":"2023-09-27T00:43:14.901Z"}
{"level":"error","message":"ErrorEnAddToCartNegocioTypeError: Cannot read properties of undefined (reading 'idTrolley')","timestamp":"2023-09-27T00:43:14.902Z"}
{"level":"error","message":"errInMemoriPersistenciaTypeError: usersMem.find is not a function","timestamp":"2023-09-27T00:43:33.664Z"}
{"level":"error","message":"ErrorEnInfoUserNegocioTypeError: dataCarrito is not iterable","timestamp":"2023-09-27T00:43:33.665Z"}
{"level":"error","message":"ErrorEnAddToCartNegocioTypeError: Cannot read properties of undefined (reading 'idTrolley')","timestamp":"2023-09-27T00:43:33.666Z"}
{"level":"error","message":"errInMemoriPersistenciaTypeError: Cannot read properties of undefined (reading 'find')","timestamp":"2023-09-27T00:44:41.410Z"}
{"level":"error","message":"ErrorEnInfoUserNegocioTypeError: dataCarrito is not iterable","timestamp":"2023-09-27T00:44:41.413Z"}
{"level":"error","message":"ErrorEnAddToCartNegocioTypeError: Cannot read properties of undefined (reading 'idTrolley')","timestamp":"2023-09-27T00:44:41.414Z"}
{"level":"error","message":"errInMemoriPersistenciaTypeError: Cannot read properties of undefined (reading 'find')","timestamp":"2023-09-27T00:45:34.232Z"}
{"level":"error","message":"ErrorEnInfoUserNegocioTypeError: dataCarrito is not iterable","timestamp":"2023-09-27T00:45:34.234Z"}
{"level":"error","message":"ErrorEnAddToCartNegocioTypeError: Cannot read properties of undefined (reading 'idTrolley')","timestamp":"2023-09-27T00:45:34.234Z"}
{"level":"error","message":"errInOrdersMemOrderClientReferenceError: Cannot access 'orders' before initialization","timestamp":"2023-09-27T00:51:52.953Z"}
{"level":"error","message":"Error en orders Negocio Order UserTypeError: Cannot read properties of undefined (reading 'forEach')","timestamp":"2023-09-27T00:51:52.955Z"}
{"level":"error","message":"errInOrdersMemOrderClientReferenceError: Cannot access 'orders' before initialization","timestamp":"2023-09-27T00:52:54.771Z"}
{"level":"error","message":"Error en orders Negocio Order UserTypeError: Cannot read properties of undefined (reading 'forEach')","timestamp":"2023-09-27T00:52:54.772Z"}
{"level":"error","message":"Error en orders Negocio Order UserTypeError: Cannot read properties of undefined (reading 'state')","timestamp":"2023-09-27T00:55:12.244Z"}
{"level":"error","message":"Error en orders Negocio Order UserTypeError: Cannot read properties of undefined (reading 'state')","timestamp":"2023-09-27T00:55:22.840Z"}
{"level":"error","message":"Error en orders Negocio Order UserTypeError: Cannot read properties of undefined (reading 'state')","timestamp":"2023-09-27T00:56:36.017Z"}
{"level":"error","message":"TypeError: Cannot read properties of undefined (reading 'email')","timestamp":"2023-09-27T02:43:00.534Z"}
{"level":"error","message":"TypeError: Cannot read properties of undefined (reading 'email')","timestamp":"2023-09-27T02:43:05.754Z"}
{"level":"error","message":"TypeError: Cannot read properties of undefined (reading 'email')","timestamp":"2023-09-27T02:43:42.027Z"}
{"level":"error","message":"error in service saveMsgesTypeError: Cannot read properties of undefined (reading 'email')","timestamp":"2023-09-27T02:44:08.760Z"}
{"level":"error","message":"error in service saveMsgesTypeError: Cannot read properties of undefined (reading 'email')","timestamp":"2023-09-27T02:47:48.653Z"}
{"level":"error","message":"error in service saveMsgesTypeError: Cannot read properties of undefined (reading 'email')","timestamp":"2023-09-27T02:48:46.562Z"}
{"level":"error","message":"error in service saveMsgesTypeError: Cannot read properties of undefined (reading 'email')","timestamp":"2023-09-27T02:54:47.272Z"}
{"level":"error","message":"Error: Unexpected input given to normalize. Expected type to be \"object\", found \"undefined\".","timestamp":"2023-09-27T02:54:47.275Z"}
{"level":"error","message":"TypeError: Cannot read properties of undefined (reading 'email')","timestamp":"2023-09-27T02:57:41.135Z"}
{"level":"error","message":"Error: Unexpected input given to normalize. Expected type to be \"object\", found \"undefined\".","timestamp":"2023-09-27T02:57:41.138Z"}
{"level":"error","message":"TypeError: Cannot read properties of undefined (reading 'email')","timestamp":"2023-09-27T02:57:42.012Z"}
{"level":"error","message":"Error: Unexpected input given to normalize. Expected type to be \"object\", found \"undefined\".","timestamp":"2023-09-27T02:57:42.014Z"}
{"level":"error","message":"TypeError: Cannot read properties of undefined (reading 'email')","timestamp":"2023-09-27T02:57:52.128Z"}
{"level":"error","message":"Error: Unexpected input given to normalize. Expected type to be \"object\", found \"undefined\".","timestamp":"2023-09-27T02:57:52.130Z"}
{"level":"error","message":"TypeError: Cannot read properties of undefined (reading 'email')","timestamp":"2023-09-27T03:00:33.038Z"}
{"level":"error","message":"Error: Unexpected input given to normalize. Expected type to be \"object\", found \"undefined\".","timestamp":"2023-09-27T03:00:33.040Z"}
{"level":"error","message":"TypeError: Cannot read properties of undefined (reading 'email')","timestamp":"2023-09-27T03:00:33.552Z"}
{"level":"error","message":"Error: Unexpected input given to normalize. Expected type to be \"object\", found \"undefined\".","timestamp":"2023-09-27T03:00:33.554Z"}
{"level":"error","message":"TypeError: Cannot read properties of undefined (reading 'email')","timestamp":"2023-09-27T03:00:33.767Z"}
{"level":"error","message":"Error: Unexpected input given to normalize. Expected type to be \"object\", found \"undefined\".","timestamp":"2023-09-27T03:00:33.769Z"}
