{"err":"ruta inexistente","level":"warn","method":{"get":true},"route":"/favicon.ico","timestamp":"2023-09-24T04:45:07.631Z"}
{"err":"ruta inexistente","level":"warn","method":{"get":true},"route":"/loguear","timestamp":"2023-09-24T06:27:12.331Z"}
{"level":"warn","message":"Invalid Password","timestamp":"2023-09-24T07:17:51.296Z"}
{"level":"warn","message":"Invalid Password","timestamp":"2023-09-24T22:27:13.843Z"}
{"level":"warn","message":"Invalid Password","timestamp":"2023-09-24T22:27:44.227Z"}
{"err":"ruta inexistente","level":"warn","method":{"get":true},"route":"/favicon.ico","timestamp":"2023-09-24T23:11:22.507Z"}
{"level":"warn","message":"Invalid Password","timestamp":"2023-09-24T23:48:54.461Z"}
{"level":"warn","message":"Invalid Password","timestamp":"2023-09-24T23:49:58.612Z"}
{"level":"warn","message":"User Not Found with emailquique16k6sb1@hotmail.com","timestamp":"2023-09-24T23:50:08.259Z"}
{"level":"warn","message":"User Not Found with emailquique166tsb1@hotmail.com","timestamp":"2023-09-24T23:52:50.760Z"}
{"level":"warn","message":"User Not Found with emailquique166tsb1@hotmail.com","timestamp":"2023-09-24T23:55:44.844Z"}
{"level":"warn","message":"User Not Found with emailquique166sb1@hotmail.com","timestamp":"2023-09-25T00:18:43.835Z"}
{"err":"ruta inexistente","level":"warn","method":{"get":true},"route":"/favicon.ico","timestamp":"2023-09-27T00:04:22.456Z"}
{"err":"ruta inexistente","level":"warn","method":{"get":true},"route":"/favicon.ico","timestamp":"2023-09-28T00:30:30.178Z"}
{"err":"ruta inexistente","level":"warn","method":{"get":true},"route":"/favicon.ico","timestamp":"2023-09-28T19:03:10.817Z"}
{"err":"ruta inexistente","level":"warn","method":{"get":true},"route":"/favicon.ico","timestamp":"2023-09-28T19:50:05.315Z"}
{"err":"ruta inexistente","level":"warn","method":{"get":true},"route":"/favicon.ico","timestamp":"2023-10-02T13:26:34.647Z"}
{"err":"ruta inexistente","level":"warn","method":{"get":true},"route":"/estilos.css.map","timestamp":"2023-10-02T13:26:41.738Z"}
{"err":"ruta inexistente","level":"warn","method":{"get":true},"route":"/api/chrome.css.map","timestamp":"2023-10-02T13:53:00.581Z"}
{"err":"ruta inexistente","level":"warn","method":{"get":true},"route":"/api/producto/s","timestamp":"2023-10-02T15:34:47.673Z"}
{"err":"ruta inexistente","level":"warn","method":{"get":true},"route":"/api/producto/","timestamp":"2023-10-02T15:34:50.760Z"}
{"err":"ruta inexistente","level":"warn","method":{"get":true},"route":"/api/producto/","timestamp":"2023-10-02T15:34:57.105Z"}
{"err":"ruta inexistente","level":"warn","method":{"get":true},"route":"/api/producto","timestamp":"2023-10-02T15:35:01.076Z"}
{"err":"ruta inexistente","level":"warn","method":{"get":true},"route":"/imagenes/madera.jpg","timestamp":"2023-10-02T15:43:50.278Z"}
{"err":"ruta inexistente","level":"warn","method":{"get":true},"route":"/productos","timestamp":"2023-10-02T19:23:29.253Z"}
{"err":"ruta inexistente","level":"warn","method":{"get":true},"route":"/api/api/productos","timestamp":"2023-10-02T19:23:47.452Z"}
{"err":"ruta inexistente","level":"warn","method":{"get":true},"route":"/api/api/productos","timestamp":"2023-10-02T19:25:24.294Z"}
{"err":"ruta inexistente","level":"warn","method":{"get":true},"route":"/api/api/productos","timestamp":"2023-10-02T19:25:26.748Z"}
{"err":"ruta inexistente","level":"warn","method":{"get":true},"route":"/api/api/productos","timestamp":"2023-10-02T19:25:32.263Z"}
{"err":"ruta inexistente","level":"warn","method":{"get":true},"route":"/api/api/productos","timestamp":"2023-10-02T19:25:37.347Z"}
{"err":"ruta inexistente","level":"warn","method":{"get":true},"route":"/api/api/productos","timestamp":"2023-10-02T19:26:32.321Z"}
{"err":"ruta inexistente","level":"warn","method":{"get":true},"route":"/api/api/productos","timestamp":"2023-10-02T19:26:48.916Z"}
{"err":"ruta inexistente","level":"warn","method":{"get":true},"route":"/api/api/productos","timestamp":"2023-10-02T19:27:10.016Z"}
{"err":"ruta inexistente","level":"warn","method":{"get":true},"route":"/api/api/productos","timestamp":"2023-10-02T19:27:19.130Z"}
{"err":"ruta inexistente","level":"warn","method":{"get":true},"route":"/api/api/productos","timestamp":"2023-10-02T19:27:19.319Z"}
{"err":"ruta inexistente","level":"warn","method":{"get":true},"route":"/api/api/productos","timestamp":"2023-10-02T19:27:19.502Z"}
{"err":"ruta inexistente","level":"warn","method":{"get":true},"route":"/api/api/productos","timestamp":"2023-10-02T19:27:26.680Z"}
{"err":"ruta inexistente","level":"warn","method":{"get":true},"route":"/perfil/api/productos","timestamp":"2023-10-02T19:28:10.431Z"}
{"err":"ruta inexistente","level":"warn","method":{"get":true},"route":"/perfil/api/productos","timestamp":"2023-10-02T19:28:18.013Z"}
{"err":"ruta inexistente","level":"warn","method":{"get":true},"route":"/perfil/api/productos","timestamp":"2023-10-02T19:28:33.101Z"}
{"err":"ruta inexistente","level":"warn","method":{"get":true},"route":"/_/mss/boq-one-google/_/ss/k=boq-one-google.OneGoogleWidgetUi.-U3Zz4CE9Vc.L.B1.O/am=CADMGw/d=1/ed=1/rs=AM-SdHvLwQq6hPZ41U9RzGgndRgGI3HB5Q/chrome.css.map","timestamp":"2023-10-02T19:34:59.097Z"}
{"err":"ruta inexistente","level":"warn","method":{"get":true},"route":"/api/chrome.css.map","timestamp":"2023-10-02T19:34:59.614Z"}
{"err":"ruta inexistente","level":"warn","method":{"get":true},"route":"/api/api/productos","timestamp":"2023-10-02T20:36:20.201Z"}
{"err":"ruta inexistente","level":"warn","method":{"get":true},"route":"/api/api/productos","timestamp":"2023-10-02T20:36:22.779Z"}
{"err":"ruta inexistente","level":"warn","method":{"get":true},"route":"/favicon.ico","timestamp":"2023-10-02T22:50:29.161Z"}
